================================================
{
    "testing": {
        "patch_size_PE": 288,
        "patch_size_FE": 384
    },
    "MODEL_NAME": "u_net_bn_new_2",
    "INPUT_SIZE": 384,
    "PE_size_ori": 288,
    "FE_size_ori": 384,
    "Scale": 1,
    "LEARNING_RATE": 0.0001,
    "TRAINING_EPOCHS": 250000,
    "BATCH_SIZE": 16,
    "DISPLAY_STEP": 10,
    "crop_size_PE": 80,
    "crop_size_FE": 80,
    "validation_PE": 288,
    "validation_FE": 384,
    "early_stop_number": 40,
    "NUM_CHANNELS": 3,
    "Train_filename": "train\\complex_three_channel\\caiyue",
    "Test_filename": "train\\ceshi\\sense_PF_4_three_channel",
    "Test_filename2": "train\\ceshi\\hanlu",
    "tfrecord_filename": "Amp_3channel.tfrecord",
    "save_model_filename": "model_complex_3_channel_bn_7_16\\u_net_bn_new_2\\common2\\mymodel",
    "save_model_filename_best": "model_complex_3_channel_bn_7_16\\u_net_bn_new_2\\good2\\mymodel",
    "Test_Batch_size": 4,
    "TESTING_NUM": 72,
    "log_dir": "log_u_net_bn_new_2"
}
================================================
Best_epoch: 0
 Epoch: 1
 mse val: 0.0004377594538406508
 mse_src: 0.0008398783793381881
 mse_training:0.0002958326766828476 
 mse_train_src:0.0005915753865540157 
Best_epoch: 1000
 Epoch: 1001
 mse val: 0.00043468698549986584
 mse_src: 0.0008398783793381881
 mse_training:0.00029368145078478847 
 mse_train_src:0.0005915753865540157 
Best_epoch: 1000
 Epoch: 2001
 mse val: 0.0004361546071878466
 mse_src: 0.0008398783793381881
 mse_training:0.00030374378083150886 
 mse_train_src:0.0005915753865540157 
Best_epoch: 1000
 Epoch: 3001
 mse val: 0.00044026232444593916
 mse_src: 0.0008398783793381881
 mse_training:0.00030332541347080324 
 mse_train_src:0.0005915753865540157 
Best_epoch: 4000
 Epoch: 4001
 mse val: 0.0004340446104025533
 mse_src: 0.0008398783793381881
 mse_training:0.00029416812483557605 
 mse_train_src:0.0005915753865540157 
Best_epoch: 4000
 Epoch: 5001
 mse val: 0.0004368626889319987
 mse_src: 0.0008398783793381881
 mse_training:0.0002995791487086939 
 mse_train_src:0.0005915753865540157 
Best_epoch: 4000
 Epoch: 6001
 mse val: 0.0004654719373825679
 mse_src: 0.0008398783793381881
 mse_training:0.00032361909264485195 
 mse_train_src:0.0005915753865540157 
Best_epoch: 4000
 Epoch: 7001
 mse val: 0.00044514032439716783
 mse_src: 0.0008398783793381881
 mse_training:0.0003067981983298927 
 mse_train_src:0.0005915753865540157 
Best_epoch: 8000
 Epoch: 8001
 mse val: 0.00042959302855807537
 mse_src: 0.0008398783793381881
 mse_training:0.0003000441795140634 
 mse_train_src:0.0005915753865540157 
Best_epoch: 9000
 Epoch: 9001
 mse val: 0.0004229261763207938
 mse_src: 0.0008398783793381881
 mse_training:0.0003015165998982007 
 mse_train_src:0.0005915753865540157 
Best_epoch: 9000
 Epoch: 10001
 mse val: 0.00044303946065661474
 mse_src: 0.0008398783793381881
 mse_training:0.00031890491027297685 
 mse_train_src:0.0005915753865540157 
Best_epoch: 9000
 Epoch: 11001
 mse val: 0.0004258182704385642
 mse_src: 0.0008398783793381881
 mse_training:0.0002873398197051655 
 mse_train_src:0.0005915753865540157 
Best_epoch: 12000
 Epoch: 12001
 mse val: 0.0004121641016657425
 mse_src: 0.0008398783793381881
 mse_training:0.0002719847360721259 
 mse_train_src:0.0005915753865540157 
Best_epoch: 13000
 Epoch: 13001
 mse val: 0.00039724884037342336
 mse_src: 0.0008398783793381881
 mse_training:0.00027007825732046814 
 mse_train_src:0.0005915753865540157 
Best_epoch: 13000
 Epoch: 14001
 mse val: 0.0004000001969567772
 mse_src: 0.0008398783793381881
 mse_training:0.00027742229152257397 
 mse_train_src:0.0005915753865540157 
Best_epoch: 13000
 Epoch: 15001
 mse val: 0.0003983267336783077
 mse_src: 0.0008398783793381881
 mse_training:0.0002740635942852047 
 mse_train_src:0.0005915753865540157 
Best_epoch: 13000
 Epoch: 16001
 mse val: 0.0004072440780065436
 mse_src: 0.0008398783793381881
 mse_training:0.0002755809319852334 
 mse_train_src:0.0005915753865540157 
Best_epoch: 13000
 Epoch: 17001
 mse val: 0.000410813004135788
 mse_src: 0.0008398783793381881
 mse_training:0.0002791223559547183 
 mse_train_src:0.0005915753865540157 
Best_epoch: 13000
 Epoch: 18001
 mse val: 0.0004069538805803556
 mse_src: 0.0008398783793381881
 mse_training:0.00028352852637504437 
 mse_train_src:0.0005915753865540157 
Best_epoch: 13000
 Epoch: 19001
 mse val: 0.0004197531406033603
 mse_src: 0.0008398783793381881
 mse_training:0.000290580771535234 
 mse_train_src:0.0005915753865540157 
Best_epoch: 13000
 Epoch: 20001
 mse val: 0.00041147017893510766
 mse_src: 0.0008398783793381881
 mse_training:0.0002812599384217012 
 mse_train_src:0.0005915753865540157 
Best_epoch: 13000
 Epoch: 21001
 mse val: 0.0004178585139824362
 mse_src: 0.0008398783793381881
 mse_training:0.0002860135665388144 
 mse_train_src:0.0005915753865540157 
Best_epoch: 13000
 Epoch: 22001
 mse val: 0.00041386893927766423
 mse_src: 0.0008398783793381881
 mse_training:0.0002860910564979551 
 mse_train_src:0.0005915753865540157 
Best_epoch: 13000
 Epoch: 23001
 mse val: 0.0004011767401203138
 mse_src: 0.0008398783793381881
 mse_training:0.0002590122838531291 
 mse_train_src:0.0005915753865540157 
Best_epoch: 13000
 Epoch: 24001
 mse val: 0.0003974602920303975
 mse_src: 0.0008398783793381881
 mse_training:0.00026395072892329254 
 mse_train_src:0.0005915753865540157 
Best_epoch: 25000
 Epoch: 25001
 mse val: 0.0003854722991592199
 mse_src: 0.0008398783793381881
 mse_training:0.0002571047913685713 
 mse_train_src:0.0005915753865540157 
Best_epoch: 25000
 Epoch: 26001
 mse val: 0.0003939947894953851
 mse_src: 0.0008398783793381881
 mse_training:0.00026831622461840097 
 mse_train_src:0.0005915753865540157 
Best_epoch: 25000
 Epoch: 27001
 mse val: 0.00039543906394909654
 mse_src: 0.0008398783793381881
 mse_training:0.00026593120714500803 
 mse_train_src:0.0005915753865540157 
Best_epoch: 25000
 Epoch: 28001
 mse val: 0.00040147029307667655
 mse_src: 0.0008398783793381881
 mse_training:0.0002687692407461226 
 mse_train_src:0.0005915753865540157 
Best_epoch: 25000
 Epoch: 29001
 mse val: 0.0003974175697294413
 mse_src: 0.0008398783793381881
 mse_training:0.00026559790639011125 
 mse_train_src:0.0005915753865540157 
Best_epoch: 25000
 Epoch: 30001
 mse val: 0.0004003629115282416
 mse_src: 0.0008398783793381881
 mse_training:0.0002728292179199343 
 mse_train_src:0.0005915753865540157 
Best_epoch: 25000
 Epoch: 31001
 mse val: 0.00040503026118838333
 mse_src: 0.0008398783793381881
 mse_training:0.00027513972539357684 
 mse_train_src:0.0005915753865540157 
Best_epoch: 25000
 Epoch: 32001
 mse val: 0.000399639085925527
 mse_src: 0.0008398783793381881
 mse_training:0.00027072563413336564 
 mse_train_src:0.0005915753865540157 
Best_epoch: 25000
 Epoch: 33001
 mse val: 0.0004175541520857627
 mse_src: 0.0008398783793381881
 mse_training:0.000277991064447431 
 mse_train_src:0.0005915753865540157 
Best_epoch: 25000
 Epoch: 34001
 mse val: 0.00041338425368545967
 mse_src: 0.0008398783793381881
 mse_training:0.0002722397211477477 
 mse_train_src:0.0005915753865540157 
Best_epoch: 25000
 Epoch: 35001
 mse val: 0.00040392182038178563
 mse_src: 0.0008398783793381881
 mse_training:0.00025277601338934293 
 mse_train_src:0.0005915753865540157 
Best_epoch: 25000
 Epoch: 36001
 mse val: 0.00038581339291946887
 mse_src: 0.0008398783793381881
 mse_training:0.00025063244483034295 
 mse_train_src:0.0005915753865540157 
Best_epoch: 37000
 Epoch: 37001
 mse val: 0.00038419938330965425
 mse_src: 0.0008398783793381881
 mse_training:0.0002536393904443281 
 mse_train_src:0.0005915753865540157 
Best_epoch: 37000
 Epoch: 38001
 mse val: 0.000388203273764197
 mse_src: 0.0008398783793381881
 mse_training:0.00025258397651365766 
 mse_train_src:0.0005915753865540157 
Best_epoch: 37000
 Epoch: 39001
 mse val: 0.00039790721772684873
 mse_src: 0.0008398783793381881
 mse_training:0.0002577598367376292 
 mse_train_src:0.0005915753865540157 
Best_epoch: 37000
 Epoch: 40001
 mse val: 0.00038960545245774684
 mse_src: 0.0008398783793381881
 mse_training:0.00025913380669509125 
 mse_train_src:0.0005915753865540157 
Best_epoch: 37000
 Epoch: 41001
 mse val: 0.00038930368353046814
 mse_src: 0.0008398783793381881
 mse_training:0.00025912391902238596 
 mse_train_src:0.0005915753865540157 
Best_epoch: 37000
 Epoch: 42001
 mse val: 0.00039277477511253284
 mse_src: 0.0008398783793381881
 mse_training:0.0002658530438566231 
 mse_train_src:0.0005915753865540157 
Best_epoch: 37000
 Epoch: 43001
 mse val: 0.00039353909859427303
 mse_src: 0.0008398783793381881
 mse_training:0.0002665221679004996 
 mse_train_src:0.0005915753865540157 
Best_epoch: 37000
 Epoch: 44001
 mse val: 0.00038919959873358795
 mse_src: 0.0008398783793381881
 mse_training:0.00026440790538294497 
 mse_train_src:0.0005915753865540157 
Best_epoch: 37000
 Epoch: 45001
 mse val: 0.00040273722940279794
 mse_src: 0.0008398783793381881
 mse_training:0.00026692145098018553 
 mse_train_src:0.0005915753865540157 
Best_epoch: 37000
 Epoch: 46001
 mse val: 0.0003962057039138421
 mse_src: 0.0008398783793381881
 mse_training:0.00025276345730971015 
 mse_train_src:0.0005915753865540157 
Best_epoch: 37000
 Epoch: 47001
 mse val: 0.00039277443728577864
 mse_src: 0.0008398783793381881
 mse_training:0.00024502692819320754 
 mse_train_src:0.0005915753865540157 
Best_epoch: 48000
 Epoch: 48001
 mse val: 0.00037920321847195737
 mse_src: 0.0008398783793381881
 mse_training:0.00024318167561432347 
 mse_train_src:0.0005915753865540157 
Best_epoch: 48000
 Epoch: 49001
 mse val: 0.00038802707594085304
 mse_src: 0.0008398783793381881
 mse_training:0.00024682410402318864 
 mse_train_src:0.0005915753865540157 
Best_epoch: 48000
 Epoch: 50001
 mse val: 0.00037966400820247753
 mse_src: 0.0008398783793381881
 mse_training:0.00024545201570920955 
 mse_train_src:0.0005915753865540157 
Best_epoch: 48000
 Epoch: 51001
 mse val: 0.0003847203060003166
 mse_src: 0.0008398783793381881
 mse_training:0.00025212304166820506 
 mse_train_src:0.0005915753865540157 
Best_epoch: 48000
 Epoch: 52001
 mse val: 0.0003841001182283637
 mse_src: 0.0008398783793381881
 mse_training:0.0002517649092321032 
 mse_train_src:0.0005915753865540157 
Best_epoch: 48000
 Epoch: 53001
 mse val: 0.0003861891348909315
 mse_src: 0.0008398783793381881
 mse_training:0.0002535097624887486 
 mse_train_src:0.0005915753865540157 
Best_epoch: 48000
 Epoch: 54001
 mse val: 0.00038790908628369734
 mse_src: 0.0008398783793381881
 mse_training:0.0002576680145062306 
 mse_train_src:0.0005915753865540157 
Best_epoch: 48000
 Epoch: 55001
 mse val: 0.0003998568128938334
 mse_src: 0.0008398783793381881
 mse_training:0.00025958814623865893 
 mse_train_src:0.0005915753865540157 
Best_epoch: 48000
 Epoch: 56001
 mse val: 0.0003923596567700669
 mse_src: 0.0008398783793381881
 mse_training:0.00025731501662246755 
 mse_train_src:0.0005915753865540157 
Best_epoch: 48000
 Epoch: 57001
 mse val: 0.00039502003710367717
 mse_src: 0.0008398783793381881
 mse_training:0.0002602452255915624 
 mse_train_src:0.0005915753865540157 
Best_epoch: 48000
 Epoch: 58001
 mse val: 0.00039800022103817254
 mse_src: 0.0008398783793381881
 mse_training:0.00024358544209866927 
 mse_train_src:0.0005915753865540157 
Best_epoch: 48000
 Epoch: 59001
 mse val: 0.00038913638945814455
 mse_src: 0.0008398783793381881
 mse_training:0.00023765660777523104 
 mse_train_src:0.0005915753865540157 
Best_epoch: 48000
 Epoch: 60001
 mse val: 0.00038098634579202754
 mse_src: 0.0008398783793381881
 mse_training:0.00023860685344819407 
 mse_train_src:0.0005915753865540157 
Best_epoch: 48000
 Epoch: 61001
 mse val: 0.0003911168812717531
 mse_src: 0.0008398783793381881
 mse_training:0.00025111642996004474 
 mse_train_src:0.0005915753865540157 
Best_epoch: 48000
 Epoch: 62001
 mse val: 0.0003793113240438591
 mse_src: 0.0008398783793381881
 mse_training:0.00024070283310114368 
 mse_train_src:0.0005915753865540157 
Best_epoch: 48000
 Epoch: 63001
 mse val: 0.00038024370425975777
 mse_src: 0.0008398783793381881
 mse_training:0.00024650163757339923 
 mse_train_src:0.0005915753865540157 
Best_epoch: 48000
 Epoch: 64001
 mse val: 0.00038458371758072946
 mse_src: 0.0008398783793381881
 mse_training:0.00024632465096551133 
 mse_train_src:0.0005915753865540157 
Best_epoch: 48000
 Epoch: 65001
 mse val: 0.00038087238843015965
 mse_src: 0.0008398783793381881
 mse_training:0.000248086911041254 
 mse_train_src:0.0005915753865540157 
Best_epoch: 48000
 Epoch: 66001
 mse val: 0.00038363888355282444
 mse_src: 0.0008398783793381881
 mse_training:0.0002501960500719886 
 mse_train_src:0.0005915753865540157 
Best_epoch: 48000
 Epoch: 67001
 mse val: 0.00038656013900132774
 mse_src: 0.0008398783793381881
 mse_training:0.000251220875674739 
 mse_train_src:0.0005915753865540157 
Best_epoch: 48000
 Epoch: 68001
 mse val: 0.00039402198439751775
 mse_src: 0.0008398783793381881
 mse_training:0.0002545376530381165 
 mse_train_src:0.0005915753865540157 
Best_epoch: 48000
 Epoch: 69001
 mse val: 0.0004017593570703563
 mse_src: 0.0008398783793381881
 mse_training:0.0002531039122509861 
 mse_train_src:0.0005915753865540157 
Best_epoch: 48000
 Epoch: 70001
 mse val: 0.0003941193782439869
 mse_src: 0.0008398783793381881
 mse_training:0.00023700243021570108 
 mse_train_src:0.0005915753865540157 
Best_epoch: 48000
 Epoch: 71001
 mse val: 0.000381361951137175
 mse_src: 0.0008398783793381881
 mse_training:0.0002326627937792283 
 mse_train_src:0.0005915753865540157 
Best_epoch: 48000
 Epoch: 72001
 mse val: 0.0003800785987348516
 mse_src: 0.0008398783793381881
 mse_training:0.0002350025870833229 
 mse_train_src:0.0005915753865540157 
Best_epoch: 48000
 Epoch: 73001
 mse val: 0.0003804259656842785
 mse_src: 0.0008398783793381881
 mse_training:0.00023697395519977564 
 mse_train_src:0.0005915753865540157 
Best_epoch: 48000
 Epoch: 74001
 mse val: 0.00038322418852961465
 mse_src: 0.0008398783793381881
 mse_training:0.0002383272289484416 
 mse_train_src:0.0005915753865540157 
Best_epoch: 75000
 Epoch: 75001
 mse val: 0.00037876491933275247
 mse_src: 0.0008398783793381881
 mse_training:0.00024133766964951064 
 mse_train_src:0.0005915753865540157 
Best_epoch: 75000
 Epoch: 76001
 mse val: 0.0003878723564412212
 mse_src: 0.0008398783793381881
 mse_training:0.00024212504088912587 
 mse_train_src:0.0005915753865540157 
Best_epoch: 75000
 Epoch: 77001
 mse val: 0.0003817993551314834
 mse_src: 0.0008398783793381881
 mse_training:0.00024523830249260453 
 mse_train_src:0.0005915753865540157 
Best_epoch: 75000
 Epoch: 78001
 mse val: 0.0003839905605976431
 mse_src: 0.0008398783793381881
 mse_training:0.000244978607750252 
 mse_train_src:0.0005915753865540157 
Best_epoch: 75000
 Epoch: 79001
 mse val: 0.00038917253884089104
 mse_src: 0.0008398783793381881
 mse_training:0.0002462852702996719 
 mse_train_src:0.0005915753865540157 
Best_epoch: 75000
 Epoch: 80001
 mse val: 0.00039531527009886404
 mse_src: 0.0008398783793381881
 mse_training:0.0002466515812152971 
 mse_train_src:0.0005915753865540157 
Best_epoch: 75000
 Epoch: 81001
 mse val: 0.0003838719904807577
 mse_src: 0.0008398783793381881
 mse_training:0.00023807385479004652 
 mse_train_src:0.0005915753865540157 
Best_epoch: 75000
 Epoch: 82001
 mse val: 0.00038183394887407
 mse_src: 0.0008398783793381881
 mse_training:0.00022998132635621005 
 mse_train_src:0.0005915753865540157 
Best_epoch: 83000
 Epoch: 83001
 mse val: 0.00037759181739400246
 mse_src: 0.0008398783793381881
 mse_training:0.00023058250973109453 
 mse_train_src:0.0005915753865540157 
Best_epoch: 83000
 Epoch: 84001
 mse val: 0.0003870304609437072
 mse_src: 0.0008398783793381881
 mse_training:0.00023390045443092176 
 mse_train_src:0.0005915753865540157 
Best_epoch: 83000
 Epoch: 85001
 mse val: 0.0003820513756080699
 mse_src: 0.0008398783793381881
 mse_training:0.0002304940376234299 
 mse_train_src:0.0005915753865540157 
Best_epoch: 83000
 Epoch: 86001
 mse val: 0.00038162660368672933
 mse_src: 0.0008398783793381881
 mse_training:0.00023500753018702703 
 mse_train_src:0.0005915753865540157 
Best_epoch: 83000
 Epoch: 87001
 mse val: 0.0003836640722107
 mse_src: 0.0008398783793381881
 mse_training:0.00023936061127945626 
 mse_train_src:0.0005915753865540157 
Best_epoch: 83000
 Epoch: 88001
 mse val: 0.0003796319948984698
 mse_src: 0.0008398783793381881
 mse_training:0.0002365588678811845 
 mse_train_src:0.0005915753865540157 
Best_epoch: 83000
 Epoch: 89001
 mse val: 0.000384771450727486
 mse_src: 0.0008398783793381881
 mse_training:0.00023873984784788464 
 mse_train_src:0.0005915753865540157 
Best_epoch: 83000
 Epoch: 90001
 mse val: 0.0003884257043359361
 mse_src: 0.0008398783793381881
 mse_training:0.00024082524820793574 
 mse_train_src:0.0005915753865540157 
Best_epoch: 83000
 Epoch: 91001
 mse val: 0.00038699097977870324
 mse_src: 0.0008398783793381881
 mse_training:0.00024217130405506597 
 mse_train_src:0.0005915753865540157 
Best_epoch: 83000
 Epoch: 92001
 mse val: 0.0003937297239341812
 mse_src: 0.0008398783793381881
 mse_training:0.00024190342694257398 
 mse_train_src:0.0005915753865540157 
Best_epoch: 83000
 Epoch: 93001
 mse val: 0.0003887059494647676
 mse_src: 0.0008398783793381881
 mse_training:0.00023144118954910987 
 mse_train_src:0.0005915753865540157 
Best_epoch: 83000
 Epoch: 94001
 mse val: 0.00038635008766302944
 mse_src: 0.0008398783793381881
 mse_training:0.00022784211882430504 
 mse_train_src:0.0005915753865540157 
Best_epoch: 95000
 Epoch: 95001
 mse val: 0.00037495294762063876
 mse_src: 0.0008398783793381881
 mse_training:0.00022426564328270615 
 mse_train_src:0.0005915753865540157 
Best_epoch: 95000
 Epoch: 96001
 mse val: 0.0003785369481192902
 mse_src: 0.0008398783793381881
 mse_training:0.00022616118682587208 
 mse_train_src:0.0005915753865540157 
Best_epoch: 95000
 Epoch: 97001
 mse val: 0.00038348073151913314
 mse_src: 0.0008398783793381881
 mse_training:0.0002314154154798113 
 mse_train_src:0.0005915753865540157 
Best_epoch: 95000
 Epoch: 98001
 mse val: 0.00038920671613595914
 mse_src: 0.0008398783793381881
 mse_training:0.00023375480759568745 
 mse_train_src:0.0005915753865540157 
Best_epoch: 95000
 Epoch: 99001
 mse val: 0.00037808789289152226
 mse_src: 0.0008398783793381881
 mse_training:0.00023081452577066052 
 mse_train_src:0.0005915753865540157 
Best_epoch: 95000
 Epoch: 100001
 mse val: 0.0003757129675755601
 mse_src: 0.0008398783793381881
 mse_training:0.00023315065810594306 
 mse_train_src:0.0005915753865540157 
Best_epoch: 95000
 Epoch: 101001
 mse val: 0.0003804803578128081
 mse_src: 0.0008398783793381881
 mse_training:0.00023581500257326601 
 mse_train_src:0.0005915753865540157 
Best_epoch: 95000
 Epoch: 102001
 mse val: 0.0003806238180711969
 mse_src: 0.0008398783793381881
 mse_training:0.00023547734675351725 
 mse_train_src:0.0005915753865540157 
Best_epoch: 95000
 Epoch: 103001
 mse val: 0.0003857427916753093
 mse_src: 0.0008398783793381881
 mse_training:0.00023822472020482464 
 mse_train_src:0.0005915753865540157 
Best_epoch: 95000
 Epoch: 104001
 mse val: 0.0003897749242646063
 mse_src: 0.0008398783793381881
 mse_training:0.00023634383857521848 
 mse_train_src:0.0005915753865540157 
Best_epoch: 95000
 Epoch: 105001
 mse val: 0.0003917829413290343
 mse_src: 0.0008398783793381881
 mse_training:0.00022429067914547178 
 mse_train_src:0.0005915753865540157 
Best_epoch: 95000
 Epoch: 106001
 mse val: 0.0003814982055700966
 mse_src: 0.0008398783793381881
 mse_training:0.00022178409754916275 
 mse_train_src:0.0005915753865540157 
Best_epoch: 95000
 Epoch: 107001
 mse val: 0.00037614854793193645
 mse_src: 0.0008398783793381881
 mse_training:0.00022207637347390928 
 mse_train_src:0.0005915753865540157 
Best_epoch: 95000
 Epoch: 108001
 mse val: 0.00038204515335059515
 mse_src: 0.0008398783793381881
 mse_training:0.0002260866433769277 
 mse_train_src:0.0005915753865540157 
Best_epoch: 95000
 Epoch: 109001
 mse val: 0.00037907152545813005
 mse_src: 0.0008398783793381881
 mse_training:0.00022645559713257372 
 mse_train_src:0.0005915753865540157 
Best_epoch: 95000
 Epoch: 110001
 mse val: 0.0003815090953543808
 mse_src: 0.0008398783793381881
 mse_training:0.0002285534871791444 
 mse_train_src:0.0005915753865540157 
Best_epoch: 95000
 Epoch: 111001
 mse val: 0.0003840543541729049
 mse_src: 0.0008398783793381881
 mse_training:0.00022993371627914408 
 mse_train_src:0.0005915753865540157 
Best_epoch: 95000
 Epoch: 112001
 mse val: 0.00037750364804701856
 mse_src: 0.0008398783793381881
 mse_training:0.00023156282951377862 
 mse_train_src:0.0005915753865540157 
Best_epoch: 95000
 Epoch: 113001
 mse val: 0.0003773925663052877
 mse_src: 0.0008398783793381881
 mse_training:0.00023097283691539714 
 mse_train_src:0.0005915753865540157 
Best_epoch: 95000
 Epoch: 114001
 mse val: 0.0003903764341480888
 mse_src: 0.0008398783793381881
 mse_training:0.00023311225029626966 
 mse_train_src:0.0005915753865540157 
Best_epoch: 95000
 Epoch: 115001
 mse val: 0.0003926316477292049
 mse_src: 0.0008398783793381881
 mse_training:0.0002368652757367171 
 mse_train_src:0.0005915753865540157 
Best_epoch: 95000
 Epoch: 116001
 mse val: 0.0003830082485162873
 mse_src: 0.0008398783793381881
 mse_training:0.0002297271577036655 
 mse_train_src:0.0005915753865540157 
Best_epoch: 95000
 Epoch: 117001
 mse val: 0.00038528859992463066
 mse_src: 0.0008398783793381881
 mse_training:0.00021858745569463482 
 mse_train_src:0.0005915753865540157 
Best_epoch: 95000
 Epoch: 118001
 mse val: 0.00037708358447869413
 mse_src: 0.0008398783793381881
 mse_training:0.00021923914912096935 
 mse_train_src:0.0005915753865540157 
Best_epoch: 95000
 Epoch: 119001
 mse val: 0.0003809887341251144
 mse_src: 0.0008398783793381881
 mse_training:0.00021972579007625527 
 mse_train_src:0.0005915753865540157 
Best_epoch: 95000
 Epoch: 120001
 mse val: 0.0003805340918713935
 mse_src: 0.0008398783793381881
 mse_training:0.0002214017143463328 
 mse_train_src:0.0005915753865540157 
Best_epoch: 95000
 Epoch: 121001
 mse val: 0.0003813662142420071
 mse_src: 0.0008398783793381881
 mse_training:0.00022509259689387464 
 mse_train_src:0.0005915753865540157 
Best_epoch: 95000
 Epoch: 122001
 mse val: 0.00038055028451506386
 mse_src: 0.0008398783793381881
 mse_training:0.00022613843702856684 
 mse_train_src:0.0005915753865540157 
Best_epoch: 95000
 Epoch: 123001
 mse val: 0.00038005707453218446
 mse_src: 0.0008398783793381881
 mse_training:0.00022538996856585273 
 mse_train_src:0.0005915753865540157 
Best_epoch: 95000
 Epoch: 124001
 mse val: 0.00037981708141564415
 mse_src: 0.0008398783793381881
 mse_training:0.000226665981042768 
 mse_train_src:0.0005915753865540157 
Best_epoch: 95000
 Epoch: 125001
 mse val: 0.0003777143804957935
 mse_src: 0.0008398783793381881
 mse_training:0.00022705936827252217 
 mse_train_src:0.0005915753865540157 
Best_epoch: 95000
 Epoch: 126001
 mse val: 0.0003831647208143194
 mse_src: 0.0008398783793381881
 mse_training:0.00022805141634307802 
 mse_train_src:0.0005915753865540157 
Best_epoch: 95000
 Epoch: 127001
 mse val: 0.0003822954315384979
 mse_src: 0.0008398783793381881
 mse_training:0.0002267655307959002 
 mse_train_src:0.0005915753865540157 
Best_epoch: 95000
 Epoch: 128001
 mse val: 0.00038266372818422195
 mse_src: 0.0008398783793381881
 mse_training:0.00022276583331404254 
 mse_train_src:0.0005915753865540157 
Best_epoch: 95000
 Epoch: 129001
 mse val: 0.00038274653919264284
 mse_src: 0.0008398783793381881
 mse_training:0.00021666936355460266 
 mse_train_src:0.0005915753865540157 
Best_epoch: 95000
 Epoch: 130001
 mse val: 0.0003814081313369873
 mse_src: 0.0008398783793381881
 mse_training:0.00022013953210060007 
 mse_train_src:0.0005915753865540157 
Best_epoch: 95000
 Epoch: 131001
 mse val: 0.00037974952637240576
 mse_src: 0.0008398783793381881
 mse_training:0.00021685483403012363 
 mse_train_src:0.0005915753865540157 
Best_epoch: 95000
 Epoch: 132001
 mse val: 0.0003772200853846799
 mse_src: 0.0008398783793381881
 mse_training:0.0002188748876505997 
 mse_train_src:0.0005915753865540157 
Best_epoch: 95000
 Epoch: 133001
 mse val: 0.00038251592609918187
 mse_src: 0.0008398783793381881
 mse_training:0.00022177524346665855 
 mse_train_src:0.0005915753865540157 
Best_epoch: 95000
 Epoch: 134001
 mse val: 0.0003782430261101884
 mse_src: 0.0008398783793381881
 mse_training:0.00022251094868705777 
 mse_train_src:0.0005915753865540157 
